<?xml version="1.0" encoding="UTF-8"?>
<testng-results ignored="0" total="10" passed="4" failed="6" skipped="0">
  <reporter-output>
  </reporter-output>
  <suite started-at="2025-09-15T07:42:18 IST" name="Suite" finished-at="2025-09-15T07:44:18 IST" duration-ms="120332">
    <groups>
    </groups>
    <test started-at="2025-09-15T07:42:18 IST" name="chrometest" finished-at="2025-09-15T07:43:06 IST" duration-ms="48146">
      <class name="testScript.LoginTest">
        <test-method is-config="true" signature="initializeBrowser(java.lang.String)[pri:0, instance:testScript.LoginTest@1e4f4a5c]" started-at="2025-09-15T07:42:18 IST" name="initializeBrowser" finished-at="2025-09-15T07:42:33 IST" duration-ms="15510" status="PASS">
          <params>
            <param index="0">
              <value>
                <![CDATA[chrome]]>
              </value>
            </param>
          </params>
          <reporter-output>
          </reporter-output>
        </test-method> <!-- initializeBrowser -->
        <test-method signature="verifyloginwithValidCredentials()[pri:1, instance:testScript.LoginTest@1e4f4a5c]" started-at="2025-09-15T07:42:33 IST" name="verifyloginwithValidCredentials" description="verify login with Valid Credentials" finished-at="2025-09-15T07:42:39 IST" duration-ms="5936" status="PASS">
          <reporter-output>
          </reporter-output>
        </test-method> <!-- verifyloginwithValidCredentials -->
        <test-method is-config="true" signature="closeBrowser()[pri:0, instance:testScript.LoginTest@1e4f4a5c]" started-at="2025-09-15T07:42:39 IST" name="closeBrowser" finished-at="2025-09-15T07:42:39 IST" duration-ms="1" status="PASS">
          <reporter-output>
          </reporter-output>
        </test-method> <!-- closeBrowser -->
        <test-method is-config="true" signature="driverQuit(org.testng.ITestResult)[pri:0, instance:testScript.LoginTest@1e4f4a5c]" started-at="2025-09-15T07:42:39 IST" name="driverQuit" finished-at="2025-09-15T07:42:41 IST" duration-ms="1073" status="PASS">
          <params>
            <param index="0">
              <value>
                <![CDATA[[TestResult name=verifyloginwithValidCredentials status=SUCCESS method=LoginTest.verifyloginwithValidCredentials()[pri:1, instance:testScript.LoginTest@1e4f4a5c] output={null}]]]>
              </value>
            </param>
          </params>
          <reporter-output>
          </reporter-output>
        </test-method> <!-- driverQuit -->
        <test-method is-config="true" signature="initializeBrowser(java.lang.String)[pri:0, instance:testScript.LoginTest@1e4f4a5c]" started-at="2025-09-15T07:42:41 IST" name="initializeBrowser" finished-at="2025-09-15T07:42:45 IST" duration-ms="4572" status="PASS">
          <params>
            <param index="0">
              <value>
                <![CDATA[chrome]]>
              </value>
            </param>
          </params>
          <reporter-output>
          </reporter-output>
        </test-method> <!-- initializeBrowser -->
        <test-method signature="verifyloginwithValidusernameinvalidpassword()[pri:2, instance:testScript.LoginTest@1e4f4a5c]" started-at="2025-09-15T07:42:45 IST" name="verifyloginwithValidusernameinvalidpassword" description="verify login with Valid username invalid password" finished-at="2025-09-15T07:42:46 IST" duration-ms="662" status="PASS">
          <reporter-output>
          </reporter-output>
        </test-method> <!-- verifyloginwithValidusernameinvalidpassword -->
        <test-method is-config="true" signature="closeBrowser()[pri:0, instance:testScript.LoginTest@1e4f4a5c]" started-at="2025-09-15T07:42:46 IST" name="closeBrowser" finished-at="2025-09-15T07:42:46 IST" duration-ms="1" status="PASS">
          <reporter-output>
          </reporter-output>
        </test-method> <!-- closeBrowser -->
        <test-method is-config="true" signature="driverQuit(org.testng.ITestResult)[pri:0, instance:testScript.LoginTest@1e4f4a5c]" started-at="2025-09-15T07:42:46 IST" name="driverQuit" finished-at="2025-09-15T07:42:46 IST" duration-ms="392" status="PASS">
          <params>
            <param index="0">
              <value>
                <![CDATA[[TestResult name=verifyloginwithValidusernameinvalidpassword status=SUCCESS method=LoginTest.verifyloginwithValidusernameinvalidpassword()[pri:2, instance:testScript.LoginTest@1e4f4a5c] output={null}]]]>
              </value>
            </param>
          </params>
          <reporter-output>
          </reporter-output>
        </test-method> <!-- driverQuit -->
        <test-method is-config="true" signature="initializeBrowser(java.lang.String)[pri:0, instance:testScript.LoginTest@1e4f4a5c]" started-at="2025-09-15T07:42:46 IST" name="initializeBrowser" finished-at="2025-09-15T07:42:49 IST" duration-ms="3249" status="PASS">
          <params>
            <param index="0">
              <value>
                <![CDATA[chrome]]>
              </value>
            </param>
          </params>
          <reporter-output>
          </reporter-output>
        </test-method> <!-- initializeBrowser -->
        <test-method signature="verifyloginwithinValidusernamevalidpassword()[pri:3, instance:testScript.LoginTest@1e4f4a5c]" started-at="2025-09-15T07:42:49 IST" name="verifyloginwithinValidusernamevalidpassword" description="verify login with inValid username valid password" finished-at="2025-09-15T07:42:50 IST" duration-ms="437" status="FAIL">
          <exception class="java.lang.AssertionError">
            <message>
              <![CDATA[Login is successful with invalid username expected [https://groceryapp.uniqassosiates.com/admin] but found [https://groceryapp.uniqassosiates.com/admin/login]]]>
            </message>
            <full-stacktrace>
              <![CDATA[java.lang.AssertionError: Login is successful with invalid username expected [https://groceryapp.uniqassosiates.com/admin] but found [https://groceryapp.uniqassosiates.com/admin/login]
at org.testng.Assert.fail(Assert.java:111)
at org.testng.Assert.failNotEquals(Assert.java:1578)
at org.testng.Assert.assertEqualsImpl(Assert.java:150)
at org.testng.Assert.assertEquals(Assert.java:132)
at org.testng.Assert.assertEquals(Assert.java:656)
at testScript.LoginTest.verifyloginwithinValidusernamevalidpassword(LoginTest.java:54)
at java.base/jdk.internal.reflect.DirectMethodHandleAccessor.invoke(DirectMethodHandleAccessor.java:103)
at java.base/java.lang.reflect.Method.invoke(Method.java:580)
at org.testng.internal.invokers.MethodInvocationHelper.invokeMethod(MethodInvocationHelper.java:141)
at org.testng.internal.invokers.TestInvoker.invokeMethod(TestInvoker.java:686)
at org.testng.internal.invokers.TestInvoker.invokeTestMethod(TestInvoker.java:230)
at org.testng.internal.invokers.MethodRunner.runInSequence(MethodRunner.java:63)
at org.testng.internal.invokers.TestInvoker$MethodInvocationAgent.invoke(TestInvoker.java:992)
at org.testng.internal.invokers.TestInvoker.invokeTestMethods(TestInvoker.java:203)
at org.testng.internal.invokers.TestMethodWorker.invokeTestMethods(TestMethodWorker.java:154)
at org.testng.internal.invokers.TestMethodWorker.run(TestMethodWorker.java:134)
at java.base/java.util.ArrayList.forEach(ArrayList.java:1596)
at org.testng.TestRunner.privateRun(TestRunner.java:739)
at org.testng.TestRunner.run(TestRunner.java:614)
at org.testng.SuiteRunner.runTest(SuiteRunner.java:421)
at org.testng.SuiteRunner.runSequentially(SuiteRunner.java:413)
at org.testng.SuiteRunner.privateRun(SuiteRunner.java:373)
at org.testng.SuiteRunner.run(SuiteRunner.java:312)
at org.testng.SuiteRunnerWorker.runSuite(SuiteRunnerWorker.java:52)
at org.testng.SuiteRunnerWorker.run(SuiteRunnerWorker.java:95)
at org.testng.TestNG.runSuitesSequentially(TestNG.java:1274)
at org.testng.TestNG.runSuitesLocally(TestNG.java:1208)
at org.testng.TestNG.runSuites(TestNG.java:1112)
at org.testng.TestNG.run(TestNG.java:1079)
at org.testng.remote.AbstractRemoteTestNG.run(AbstractRemoteTestNG.java:115)
at org.testng.remote.RemoteTestNG.initAndRun(RemoteTestNG.java:293)
at org.testng.remote.RemoteTestNG.main(RemoteTestNG.java:91)
]]>
            </full-stacktrace>
          </exception> <!-- java.lang.AssertionError -->
          <reporter-output>
          </reporter-output>
        </test-method> <!-- verifyloginwithinValidusernamevalidpassword -->
        <test-method is-config="true" signature="closeBrowser()[pri:0, instance:testScript.LoginTest@1e4f4a5c]" started-at="2025-09-15T07:42:50 IST" name="closeBrowser" finished-at="2025-09-15T07:42:50 IST" duration-ms="0" status="PASS">
          <reporter-output>
          </reporter-output>
        </test-method> <!-- closeBrowser -->
        <test-method is-config="true" signature="driverQuit(org.testng.ITestResult)[pri:0, instance:testScript.LoginTest@1e4f4a5c]" started-at="2025-09-15T07:42:50 IST" name="driverQuit" finished-at="2025-09-15T07:42:52 IST" duration-ms="2074" status="PASS">
          <params>
            <param index="0">
              <value>
                <![CDATA[[TestResult name=verifyloginwithinValidusernamevalidpassword status=FAILURE method=LoginTest.verifyloginwithinValidusernamevalidpassword()[pri:3, instance:testScript.LoginTest@1e4f4a5c] output={null}]]]>
              </value>
            </param>
          </params>
          <reporter-output>
          </reporter-output>
        </test-method> <!-- driverQuit -->
        <test-method is-config="true" signature="initializeBrowser(java.lang.String)[pri:0, instance:testScript.LoginTest@1e4f4a5c]" started-at="2025-09-15T07:42:52 IST" name="initializeBrowser" finished-at="2025-09-15T07:42:57 IST" duration-ms="4971" status="PASS">
          <params>
            <param index="0">
              <value>
                <![CDATA[chrome]]>
              </value>
            </param>
          </params>
          <reporter-output>
          </reporter-output>
        </test-method> <!-- initializeBrowser -->
        <test-method signature="verifyloginwithinValidCredentials(java.lang.String,java.lang.String)[pri:4, instance:testScript.LoginTest@1e4f4a5c]" started-at="2025-09-15T07:42:57 IST" name="verifyloginwithinValidCredentials" description="verify login with inValid Credentials" data-provider="loginProvider" finished-at="2025-09-15T07:42:57 IST" duration-ms="301" status="FAIL">
          <params>
            <param index="0">
              <value>
                <![CDATA[user]]>
              </value>
            </param>
            <param index="1">
              <value>
                <![CDATA[password]]>
              </value>
            </param>
          </params>
          <exception class="java.lang.AssertionError">
            <message>
              <![CDATA[Login is successful with invalid Credential expected [https://groceryapp.uniqassosiates.com/admin] but found [https://groceryapp.uniqassosiates.com/admin/login]]]>
            </message>
            <full-stacktrace>
              <![CDATA[java.lang.AssertionError: Login is successful with invalid Credential expected [https://groceryapp.uniqassosiates.com/admin] but found [https://groceryapp.uniqassosiates.com/admin/login]
at org.testng.Assert.fail(Assert.java:111)
at org.testng.Assert.failNotEquals(Assert.java:1578)
at org.testng.Assert.assertEqualsImpl(Assert.java:150)
at org.testng.Assert.assertEquals(Assert.java:132)
at org.testng.Assert.assertEquals(Assert.java:656)
at testScript.LoginTest.verifyloginwithinValidCredentials(LoginTest.java:67)
at java.base/jdk.internal.reflect.DirectMethodHandleAccessor.invoke(DirectMethodHandleAccessor.java:103)
at java.base/java.lang.reflect.Method.invoke(Method.java:580)
at org.testng.internal.invokers.MethodInvocationHelper.invokeMethod(MethodInvocationHelper.java:141)
at org.testng.internal.invokers.TestInvoker.invokeMethod(TestInvoker.java:686)
at org.testng.internal.invokers.TestInvoker.invokeTestMethod(TestInvoker.java:230)
at org.testng.internal.invokers.MethodRunner.runInSequence(MethodRunner.java:63)
at org.testng.internal.invokers.TestInvoker$MethodInvocationAgent.invoke(TestInvoker.java:992)
at org.testng.internal.invokers.TestInvoker.invokeTestMethods(TestInvoker.java:203)
at org.testng.internal.invokers.TestMethodWorker.invokeTestMethods(TestMethodWorker.java:154)
at org.testng.internal.invokers.TestMethodWorker.run(TestMethodWorker.java:134)
at java.base/java.util.ArrayList.forEach(ArrayList.java:1596)
at org.testng.TestRunner.privateRun(TestRunner.java:739)
at org.testng.TestRunner.run(TestRunner.java:614)
at org.testng.SuiteRunner.runTest(SuiteRunner.java:421)
at org.testng.SuiteRunner.runSequentially(SuiteRunner.java:413)
at org.testng.SuiteRunner.privateRun(SuiteRunner.java:373)
at org.testng.SuiteRunner.run(SuiteRunner.java:312)
at org.testng.SuiteRunnerWorker.runSuite(SuiteRunnerWorker.java:52)
at org.testng.SuiteRunnerWorker.run(SuiteRunnerWorker.java:95)
at org.testng.TestNG.runSuitesSequentially(TestNG.java:1274)
at org.testng.TestNG.runSuitesLocally(TestNG.java:1208)
at org.testng.TestNG.runSuites(TestNG.java:1112)
at org.testng.TestNG.run(TestNG.java:1079)
at org.testng.remote.AbstractRemoteTestNG.run(AbstractRemoteTestNG.java:115)
at org.testng.remote.RemoteTestNG.initAndRun(RemoteTestNG.java:293)
at org.testng.remote.RemoteTestNG.main(RemoteTestNG.java:91)
]]>
            </full-stacktrace>
          </exception> <!-- java.lang.AssertionError -->
          <reporter-output>
          </reporter-output>
        </test-method> <!-- verifyloginwithinValidCredentials -->
        <test-method is-config="true" signature="closeBrowser()[pri:0, instance:testScript.LoginTest@1e4f4a5c]" started-at="2025-09-15T07:42:57 IST" name="closeBrowser" finished-at="2025-09-15T07:42:57 IST" duration-ms="0" status="PASS">
          <reporter-output>
          </reporter-output>
        </test-method> <!-- closeBrowser -->
        <test-method is-config="true" signature="driverQuit(org.testng.ITestResult)[pri:0, instance:testScript.LoginTest@1e4f4a5c]" started-at="2025-09-15T07:42:57 IST" name="driverQuit" finished-at="2025-09-15T07:42:58 IST" duration-ms="1140" status="PASS">
          <params>
            <param index="0">
              <value>
                <![CDATA[[TestResult name=verifyloginwithinValidCredentials status=FAILURE method=LoginTest.verifyloginwithinValidCredentials(java.lang.String,java.lang.String)[pri:4, instance:testScript.LoginTest@1e4f4a5c] output={null}]]]>
              </value>
            </param>
          </params>
          <reporter-output>
          </reporter-output>
        </test-method> <!-- driverQuit -->
        <test-method is-config="true" signature="initializeBrowser(java.lang.String)[pri:0, instance:testScript.LoginTest@1e4f4a5c]" started-at="2025-09-15T07:42:58 IST" name="initializeBrowser" finished-at="2025-09-15T07:43:03 IST" duration-ms="4563" status="PASS">
          <params>
            <param index="0">
              <value>
                <![CDATA[chrome]]>
              </value>
            </param>
          </params>
          <reporter-output>
          </reporter-output>
        </test-method> <!-- initializeBrowser -->
        <test-method signature="verifyloginwithinValidCredentials(java.lang.String,java.lang.String)[pri:4, instance:testScript.LoginTest@1e4f4a5c]" started-at="2025-09-15T07:43:03 IST" name="verifyloginwithinValidCredentials" description="verify login with inValid Credentials" data-provider="loginProvider" finished-at="2025-09-15T07:43:03 IST" duration-ms="535" status="FAIL">
          <params>
            <param index="0">
              <value>
                <![CDATA[username]]>
              </value>
            </param>
            <param index="1">
              <value>
                <![CDATA[pass]]>
              </value>
            </param>
          </params>
          <exception class="java.lang.AssertionError">
            <message>
              <![CDATA[Login is successful with invalid Credential expected [https://groceryapp.uniqassosiates.com/admin] but found [https://groceryapp.uniqassosiates.com/admin/login]]]>
            </message>
            <full-stacktrace>
              <![CDATA[java.lang.AssertionError: Login is successful with invalid Credential expected [https://groceryapp.uniqassosiates.com/admin] but found [https://groceryapp.uniqassosiates.com/admin/login]
at org.testng.Assert.fail(Assert.java:111)
at org.testng.Assert.failNotEquals(Assert.java:1578)
at org.testng.Assert.assertEqualsImpl(Assert.java:150)
at org.testng.Assert.assertEquals(Assert.java:132)
at org.testng.Assert.assertEquals(Assert.java:656)
at testScript.LoginTest.verifyloginwithinValidCredentials(LoginTest.java:67)
at java.base/jdk.internal.reflect.DirectMethodHandleAccessor.invoke(DirectMethodHandleAccessor.java:103)
at java.base/java.lang.reflect.Method.invoke(Method.java:580)
at org.testng.internal.invokers.MethodInvocationHelper.invokeMethod(MethodInvocationHelper.java:141)
at org.testng.internal.invokers.TestInvoker.invokeMethod(TestInvoker.java:686)
at org.testng.internal.invokers.TestInvoker.invokeTestMethod(TestInvoker.java:230)
at org.testng.internal.invokers.MethodRunner.runInSequence(MethodRunner.java:63)
at org.testng.internal.invokers.TestInvoker$MethodInvocationAgent.invoke(TestInvoker.java:992)
at org.testng.internal.invokers.TestInvoker.invokeTestMethods(TestInvoker.java:203)
at org.testng.internal.invokers.TestMethodWorker.invokeTestMethods(TestMethodWorker.java:154)
at org.testng.internal.invokers.TestMethodWorker.run(TestMethodWorker.java:134)
at java.base/java.util.ArrayList.forEach(ArrayList.java:1596)
at org.testng.TestRunner.privateRun(TestRunner.java:739)
at org.testng.TestRunner.run(TestRunner.java:614)
at org.testng.SuiteRunner.runTest(SuiteRunner.java:421)
at org.testng.SuiteRunner.runSequentially(SuiteRunner.java:413)
at org.testng.SuiteRunner.privateRun(SuiteRunner.java:373)
at org.testng.SuiteRunner.run(SuiteRunner.java:312)
at org.testng.SuiteRunnerWorker.runSuite(SuiteRunnerWorker.java:52)
at org.testng.SuiteRunnerWorker.run(SuiteRunnerWorker.java:95)
at org.testng.TestNG.runSuitesSequentially(TestNG.java:1274)
at org.testng.TestNG.runSuitesLocally(TestNG.java:1208)
at org.testng.TestNG.runSuites(TestNG.java:1112)
at org.testng.TestNG.run(TestNG.java:1079)
at org.testng.remote.AbstractRemoteTestNG.run(AbstractRemoteTestNG.java:115)
at org.testng.remote.RemoteTestNG.initAndRun(RemoteTestNG.java:293)
at org.testng.remote.RemoteTestNG.main(RemoteTestNG.java:91)
]]>
            </full-stacktrace>
          </exception> <!-- java.lang.AssertionError -->
          <reporter-output>
          </reporter-output>
        </test-method> <!-- verifyloginwithinValidCredentials -->
        <test-method is-config="true" signature="driverQuit(org.testng.ITestResult)[pri:0, instance:testScript.LoginTest@1e4f4a5c]" started-at="2025-09-15T07:43:03 IST" name="driverQuit" finished-at="2025-09-15T07:43:06 IST" duration-ms="2605" status="PASS">
          <params>
            <param index="0">
              <value>
                <![CDATA[[TestResult name=verifyloginwithinValidCredentials status=FAILURE method=LoginTest.verifyloginwithinValidCredentials(java.lang.String,java.lang.String)[pri:4, instance:testScript.LoginTest@1e4f4a5c] output={null}]]]>
              </value>
            </param>
          </params>
          <reporter-output>
          </reporter-output>
        </test-method> <!-- driverQuit -->
        <test-method is-config="true" signature="closeBrowser()[pri:0, instance:testScript.LoginTest@1e4f4a5c]" started-at="2025-09-15T07:43:03 IST" name="closeBrowser" finished-at="2025-09-15T07:43:03 IST" duration-ms="0" status="PASS">
          <reporter-output>
          </reporter-output>
        </test-method> <!-- closeBrowser -->
      </class> <!-- testScript.LoginTest -->
    </test> <!-- chrometest -->
    <test started-at="2025-09-15T07:43:07 IST" name="FirefoxTest" finished-at="2025-09-15T07:44:18 IST" duration-ms="71559">
      <class name="testScript.LoginTest">
        <test-method is-config="true" signature="initializeBrowser(java.lang.String)[pri:0, instance:testScript.LoginTest@72d6b3ba]" started-at="2025-09-15T07:43:07 IST" name="initializeBrowser" finished-at="2025-09-15T07:43:33 IST" duration-ms="25905" status="PASS">
          <params>
            <param index="0">
              <value>
                <![CDATA[firefox]]>
              </value>
            </param>
          </params>
          <reporter-output>
          </reporter-output>
        </test-method> <!-- initializeBrowser -->
        <test-method signature="verifyloginwithValidCredentials()[pri:1, instance:testScript.LoginTest@72d6b3ba]" started-at="2025-09-15T07:43:33 IST" name="verifyloginwithValidCredentials" description="verify login with Valid Credentials" finished-at="2025-09-15T07:43:37 IST" duration-ms="4260" status="PASS">
          <reporter-output>
          </reporter-output>
        </test-method> <!-- verifyloginwithValidCredentials -->
        <test-method is-config="true" signature="driverQuit(org.testng.ITestResult)[pri:0, instance:testScript.LoginTest@72d6b3ba]" started-at="2025-09-15T07:43:37 IST" name="driverQuit" finished-at="2025-09-15T07:43:40 IST" duration-ms="3572" status="PASS">
          <params>
            <param index="0">
              <value>
                <![CDATA[[TestResult name=verifyloginwithValidCredentials status=SUCCESS method=LoginTest.verifyloginwithValidCredentials()[pri:1, instance:testScript.LoginTest@72d6b3ba] output={null}]]]>
              </value>
            </param>
          </params>
          <reporter-output>
          </reporter-output>
        </test-method> <!-- driverQuit -->
        <test-method is-config="true" signature="closeBrowser()[pri:0, instance:testScript.LoginTest@72d6b3ba]" started-at="2025-09-15T07:43:37 IST" name="closeBrowser" finished-at="2025-09-15T07:43:37 IST" duration-ms="0" status="PASS">
          <reporter-output>
          </reporter-output>
        </test-method> <!-- closeBrowser -->
        <test-method is-config="true" signature="initializeBrowser(java.lang.String)[pri:0, instance:testScript.LoginTest@72d6b3ba]" started-at="2025-09-15T07:43:40 IST" name="initializeBrowser" finished-at="2025-09-15T07:43:48 IST" duration-ms="7309" status="PASS">
          <params>
            <param index="0">
              <value>
                <![CDATA[firefox]]>
              </value>
            </param>
          </params>
          <reporter-output>
          </reporter-output>
        </test-method> <!-- initializeBrowser -->
        <test-method signature="verifyloginwithValidusernameinvalidpassword()[pri:2, instance:testScript.LoginTest@72d6b3ba]" started-at="2025-09-15T07:43:48 IST" name="verifyloginwithValidusernameinvalidpassword" description="verify login with Valid username invalid password" finished-at="2025-09-15T07:43:48 IST" duration-ms="625" status="PASS">
          <reporter-output>
          </reporter-output>
        </test-method> <!-- verifyloginwithValidusernameinvalidpassword -->
        <test-method is-config="true" signature="driverQuit(org.testng.ITestResult)[pri:0, instance:testScript.LoginTest@72d6b3ba]" started-at="2025-09-15T07:43:48 IST" name="driverQuit" finished-at="2025-09-15T07:43:51 IST" duration-ms="2214" status="PASS">
          <params>
            <param index="0">
              <value>
                <![CDATA[[TestResult name=verifyloginwithValidusernameinvalidpassword status=SUCCESS method=LoginTest.verifyloginwithValidusernameinvalidpassword()[pri:2, instance:testScript.LoginTest@72d6b3ba] output={null}]]]>
              </value>
            </param>
          </params>
          <reporter-output>
          </reporter-output>
        </test-method> <!-- driverQuit -->
        <test-method is-config="true" signature="closeBrowser()[pri:0, instance:testScript.LoginTest@72d6b3ba]" started-at="2025-09-15T07:43:48 IST" name="closeBrowser" finished-at="2025-09-15T07:43:48 IST" duration-ms="0" status="PASS">
          <reporter-output>
          </reporter-output>
        </test-method> <!-- closeBrowser -->
        <test-method is-config="true" signature="initializeBrowser(java.lang.String)[pri:0, instance:testScript.LoginTest@72d6b3ba]" started-at="2025-09-15T07:43:51 IST" name="initializeBrowser" finished-at="2025-09-15T07:43:57 IST" duration-ms="6647" status="PASS">
          <params>
            <param index="0">
              <value>
                <![CDATA[firefox]]>
              </value>
            </param>
          </params>
          <reporter-output>
          </reporter-output>
        </test-method> <!-- initializeBrowser -->
        <test-method signature="verifyloginwithinValidusernamevalidpassword()[pri:3, instance:testScript.LoginTest@72d6b3ba]" started-at="2025-09-15T07:43:57 IST" name="verifyloginwithinValidusernamevalidpassword" description="verify login with inValid username valid password" finished-at="2025-09-15T07:43:58 IST" duration-ms="593" status="FAIL">
          <exception class="java.lang.AssertionError">
            <message>
              <![CDATA[Login is successful with invalid username expected [https://groceryapp.uniqassosiates.com/admin] but found [https://groceryapp.uniqassosiates.com/admin/login]]]>
            </message>
            <full-stacktrace>
              <![CDATA[java.lang.AssertionError: Login is successful with invalid username expected [https://groceryapp.uniqassosiates.com/admin] but found [https://groceryapp.uniqassosiates.com/admin/login]
at org.testng.Assert.fail(Assert.java:111)
at org.testng.Assert.failNotEquals(Assert.java:1578)
at org.testng.Assert.assertEqualsImpl(Assert.java:150)
at org.testng.Assert.assertEquals(Assert.java:132)
at org.testng.Assert.assertEquals(Assert.java:656)
at testScript.LoginTest.verifyloginwithinValidusernamevalidpassword(LoginTest.java:54)
at java.base/jdk.internal.reflect.DirectMethodHandleAccessor.invoke(DirectMethodHandleAccessor.java:103)
at java.base/java.lang.reflect.Method.invoke(Method.java:580)
at org.testng.internal.invokers.MethodInvocationHelper.invokeMethod(MethodInvocationHelper.java:141)
at org.testng.internal.invokers.TestInvoker.invokeMethod(TestInvoker.java:686)
at org.testng.internal.invokers.TestInvoker.invokeTestMethod(TestInvoker.java:230)
at org.testng.internal.invokers.MethodRunner.runInSequence(MethodRunner.java:63)
at org.testng.internal.invokers.TestInvoker$MethodInvocationAgent.invoke(TestInvoker.java:992)
at org.testng.internal.invokers.TestInvoker.invokeTestMethods(TestInvoker.java:203)
at org.testng.internal.invokers.TestMethodWorker.invokeTestMethods(TestMethodWorker.java:154)
at org.testng.internal.invokers.TestMethodWorker.run(TestMethodWorker.java:134)
at java.base/java.util.ArrayList.forEach(ArrayList.java:1596)
at org.testng.TestRunner.privateRun(TestRunner.java:739)
at org.testng.TestRunner.run(TestRunner.java:614)
at org.testng.SuiteRunner.runTest(SuiteRunner.java:421)
at org.testng.SuiteRunner.runSequentially(SuiteRunner.java:413)
at org.testng.SuiteRunner.privateRun(SuiteRunner.java:373)
at org.testng.SuiteRunner.run(SuiteRunner.java:312)
at org.testng.SuiteRunnerWorker.runSuite(SuiteRunnerWorker.java:52)
at org.testng.SuiteRunnerWorker.run(SuiteRunnerWorker.java:95)
at org.testng.TestNG.runSuitesSequentially(TestNG.java:1274)
at org.testng.TestNG.runSuitesLocally(TestNG.java:1208)
at org.testng.TestNG.runSuites(TestNG.java:1112)
at org.testng.TestNG.run(TestNG.java:1079)
at org.testng.remote.AbstractRemoteTestNG.run(AbstractRemoteTestNG.java:115)
at org.testng.remote.RemoteTestNG.initAndRun(RemoteTestNG.java:293)
at org.testng.remote.RemoteTestNG.main(RemoteTestNG.java:91)
]]>
            </full-stacktrace>
          </exception> <!-- java.lang.AssertionError -->
          <reporter-output>
          </reporter-output>
        </test-method> <!-- verifyloginwithinValidusernamevalidpassword -->
        <test-method is-config="true" signature="driverQuit(org.testng.ITestResult)[pri:0, instance:testScript.LoginTest@72d6b3ba]" started-at="2025-09-15T07:43:58 IST" name="driverQuit" finished-at="2025-09-15T07:44:00 IST" duration-ms="2259" status="PASS">
          <params>
            <param index="0">
              <value>
                <![CDATA[[TestResult name=verifyloginwithinValidusernamevalidpassword status=FAILURE method=LoginTest.verifyloginwithinValidusernamevalidpassword()[pri:3, instance:testScript.LoginTest@72d6b3ba] output={null}]]]>
              </value>
            </param>
          </params>
          <reporter-output>
          </reporter-output>
        </test-method> <!-- driverQuit -->
        <test-method is-config="true" signature="closeBrowser()[pri:0, instance:testScript.LoginTest@72d6b3ba]" started-at="2025-09-15T07:43:58 IST" name="closeBrowser" finished-at="2025-09-15T07:43:58 IST" duration-ms="0" status="PASS">
          <reporter-output>
          </reporter-output>
        </test-method> <!-- closeBrowser -->
        <test-method is-config="true" signature="initializeBrowser(java.lang.String)[pri:0, instance:testScript.LoginTest@72d6b3ba]" started-at="2025-09-15T07:44:00 IST" name="initializeBrowser" finished-at="2025-09-15T07:44:06 IST" duration-ms="5532" status="PASS">
          <params>
            <param index="0">
              <value>
                <![CDATA[firefox]]>
              </value>
            </param>
          </params>
          <reporter-output>
          </reporter-output>
        </test-method> <!-- initializeBrowser -->
        <test-method signature="verifyloginwithinValidCredentials(java.lang.String,java.lang.String)[pri:4, instance:testScript.LoginTest@72d6b3ba]" started-at="2025-09-15T07:44:06 IST" name="verifyloginwithinValidCredentials" description="verify login with inValid Credentials" data-provider="loginProvider" finished-at="2025-09-15T07:44:06 IST" duration-ms="341" status="FAIL">
          <params>
            <param index="0">
              <value>
                <![CDATA[user]]>
              </value>
            </param>
            <param index="1">
              <value>
                <![CDATA[password]]>
              </value>
            </param>
          </params>
          <exception class="java.lang.AssertionError">
            <message>
              <![CDATA[Login is successful with invalid Credential expected [https://groceryapp.uniqassosiates.com/admin] but found [https://groceryapp.uniqassosiates.com/admin/login]]]>
            </message>
            <full-stacktrace>
              <![CDATA[java.lang.AssertionError: Login is successful with invalid Credential expected [https://groceryapp.uniqassosiates.com/admin] but found [https://groceryapp.uniqassosiates.com/admin/login]
at org.testng.Assert.fail(Assert.java:111)
at org.testng.Assert.failNotEquals(Assert.java:1578)
at org.testng.Assert.assertEqualsImpl(Assert.java:150)
at org.testng.Assert.assertEquals(Assert.java:132)
at org.testng.Assert.assertEquals(Assert.java:656)
at testScript.LoginTest.verifyloginwithinValidCredentials(LoginTest.java:67)
at java.base/jdk.internal.reflect.DirectMethodHandleAccessor.invoke(DirectMethodHandleAccessor.java:103)
at java.base/java.lang.reflect.Method.invoke(Method.java:580)
at org.testng.internal.invokers.MethodInvocationHelper.invokeMethod(MethodInvocationHelper.java:141)
at org.testng.internal.invokers.TestInvoker.invokeMethod(TestInvoker.java:686)
at org.testng.internal.invokers.TestInvoker.invokeTestMethod(TestInvoker.java:230)
at org.testng.internal.invokers.MethodRunner.runInSequence(MethodRunner.java:63)
at org.testng.internal.invokers.TestInvoker$MethodInvocationAgent.invoke(TestInvoker.java:992)
at org.testng.internal.invokers.TestInvoker.invokeTestMethods(TestInvoker.java:203)
at org.testng.internal.invokers.TestMethodWorker.invokeTestMethods(TestMethodWorker.java:154)
at org.testng.internal.invokers.TestMethodWorker.run(TestMethodWorker.java:134)
at java.base/java.util.ArrayList.forEach(ArrayList.java:1596)
at org.testng.TestRunner.privateRun(TestRunner.java:739)
at org.testng.TestRunner.run(TestRunner.java:614)
at org.testng.SuiteRunner.runTest(SuiteRunner.java:421)
at org.testng.SuiteRunner.runSequentially(SuiteRunner.java:413)
at org.testng.SuiteRunner.privateRun(SuiteRunner.java:373)
at org.testng.SuiteRunner.run(SuiteRunner.java:312)
at org.testng.SuiteRunnerWorker.runSuite(SuiteRunnerWorker.java:52)
at org.testng.SuiteRunnerWorker.run(SuiteRunnerWorker.java:95)
at org.testng.TestNG.runSuitesSequentially(TestNG.java:1274)
at org.testng.TestNG.runSuitesLocally(TestNG.java:1208)
at org.testng.TestNG.runSuites(TestNG.java:1112)
at org.testng.TestNG.run(TestNG.java:1079)
at org.testng.remote.AbstractRemoteTestNG.run(AbstractRemoteTestNG.java:115)
at org.testng.remote.RemoteTestNG.initAndRun(RemoteTestNG.java:293)
at org.testng.remote.RemoteTestNG.main(RemoteTestNG.java:91)
]]>
            </full-stacktrace>
          </exception> <!-- java.lang.AssertionError -->
          <reporter-output>
          </reporter-output>
        </test-method> <!-- verifyloginwithinValidCredentials -->
        <test-method is-config="true" signature="closeBrowser()[pri:0, instance:testScript.LoginTest@72d6b3ba]" started-at="2025-09-15T07:44:06 IST" name="closeBrowser" finished-at="2025-09-15T07:44:06 IST" duration-ms="1" status="PASS">
          <reporter-output>
          </reporter-output>
        </test-method> <!-- closeBrowser -->
        <test-method is-config="true" signature="driverQuit(org.testng.ITestResult)[pri:0, instance:testScript.LoginTest@72d6b3ba]" started-at="2025-09-15T07:44:06 IST" name="driverQuit" finished-at="2025-09-15T07:44:08 IST" duration-ms="1831" status="PASS">
          <params>
            <param index="0">
              <value>
                <![CDATA[[TestResult name=verifyloginwithinValidCredentials status=FAILURE method=LoginTest.verifyloginwithinValidCredentials(java.lang.String,java.lang.String)[pri:4, instance:testScript.LoginTest@72d6b3ba] output={null}]]]>
              </value>
            </param>
          </params>
          <reporter-output>
          </reporter-output>
        </test-method> <!-- driverQuit -->
        <test-method is-config="true" signature="initializeBrowser(java.lang.String)[pri:0, instance:testScript.LoginTest@72d6b3ba]" started-at="2025-09-15T07:44:08 IST" name="initializeBrowser" finished-at="2025-09-15T07:44:16 IST" duration-ms="8045" status="PASS">
          <params>
            <param index="0">
              <value>
                <![CDATA[firefox]]>
              </value>
            </param>
          </params>
          <reporter-output>
          </reporter-output>
        </test-method> <!-- initializeBrowser -->
        <test-method signature="verifyloginwithinValidCredentials(java.lang.String,java.lang.String)[pri:4, instance:testScript.LoginTest@72d6b3ba]" started-at="2025-09-15T07:44:16 IST" name="verifyloginwithinValidCredentials" description="verify login with inValid Credentials" data-provider="loginProvider" finished-at="2025-09-15T07:44:16 IST" duration-ms="329" status="FAIL">
          <params>
            <param index="0">
              <value>
                <![CDATA[username]]>
              </value>
            </param>
            <param index="1">
              <value>
                <![CDATA[pass]]>
              </value>
            </param>
          </params>
          <exception class="java.lang.AssertionError">
            <message>
              <![CDATA[Login is successful with invalid Credential expected [https://groceryapp.uniqassosiates.com/admin] but found [https://groceryapp.uniqassosiates.com/admin/login]]]>
            </message>
            <full-stacktrace>
              <![CDATA[java.lang.AssertionError: Login is successful with invalid Credential expected [https://groceryapp.uniqassosiates.com/admin] but found [https://groceryapp.uniqassosiates.com/admin/login]
at org.testng.Assert.fail(Assert.java:111)
at org.testng.Assert.failNotEquals(Assert.java:1578)
at org.testng.Assert.assertEqualsImpl(Assert.java:150)
at org.testng.Assert.assertEquals(Assert.java:132)
at org.testng.Assert.assertEquals(Assert.java:656)
at testScript.LoginTest.verifyloginwithinValidCredentials(LoginTest.java:67)
at java.base/jdk.internal.reflect.DirectMethodHandleAccessor.invoke(DirectMethodHandleAccessor.java:103)
at java.base/java.lang.reflect.Method.invoke(Method.java:580)
at org.testng.internal.invokers.MethodInvocationHelper.invokeMethod(MethodInvocationHelper.java:141)
at org.testng.internal.invokers.TestInvoker.invokeMethod(TestInvoker.java:686)
at org.testng.internal.invokers.TestInvoker.invokeTestMethod(TestInvoker.java:230)
at org.testng.internal.invokers.MethodRunner.runInSequence(MethodRunner.java:63)
at org.testng.internal.invokers.TestInvoker$MethodInvocationAgent.invoke(TestInvoker.java:992)
at org.testng.internal.invokers.TestInvoker.invokeTestMethods(TestInvoker.java:203)
at org.testng.internal.invokers.TestMethodWorker.invokeTestMethods(TestMethodWorker.java:154)
at org.testng.internal.invokers.TestMethodWorker.run(TestMethodWorker.java:134)
at java.base/java.util.ArrayList.forEach(ArrayList.java:1596)
at org.testng.TestRunner.privateRun(TestRunner.java:739)
at org.testng.TestRunner.run(TestRunner.java:614)
at org.testng.SuiteRunner.runTest(SuiteRunner.java:421)
at org.testng.SuiteRunner.runSequentially(SuiteRunner.java:413)
at org.testng.SuiteRunner.privateRun(SuiteRunner.java:373)
at org.testng.SuiteRunner.run(SuiteRunner.java:312)
at org.testng.SuiteRunnerWorker.runSuite(SuiteRunnerWorker.java:52)
at org.testng.SuiteRunnerWorker.run(SuiteRunnerWorker.java:95)
at org.testng.TestNG.runSuitesSequentially(TestNG.java:1274)
at org.testng.TestNG.runSuitesLocally(TestNG.java:1208)
at org.testng.TestNG.runSuites(TestNG.java:1112)
at org.testng.TestNG.run(TestNG.java:1079)
at org.testng.remote.AbstractRemoteTestNG.run(AbstractRemoteTestNG.java:115)
at org.testng.remote.RemoteTestNG.initAndRun(RemoteTestNG.java:293)
at org.testng.remote.RemoteTestNG.main(RemoteTestNG.java:91)
]]>
            </full-stacktrace>
          </exception> <!-- java.lang.AssertionError -->
          <reporter-output>
          </reporter-output>
        </test-method> <!-- verifyloginwithinValidCredentials -->
        <test-method is-config="true" signature="closeBrowser()[pri:0, instance:testScript.LoginTest@72d6b3ba]" started-at="2025-09-15T07:44:16 IST" name="closeBrowser" finished-at="2025-09-15T07:44:16 IST" duration-ms="0" status="PASS">
          <reporter-output>
          </reporter-output>
        </test-method> <!-- closeBrowser -->
        <test-method is-config="true" signature="driverQuit(org.testng.ITestResult)[pri:0, instance:testScript.LoginTest@72d6b3ba]" started-at="2025-09-15T07:44:16 IST" name="driverQuit" finished-at="2025-09-15T07:44:18 IST" duration-ms="2065" status="PASS">
          <params>
            <param index="0">
              <value>
                <![CDATA[[TestResult name=verifyloginwithinValidCredentials status=FAILURE method=LoginTest.verifyloginwithinValidCredentials(java.lang.String,java.lang.String)[pri:4, instance:testScript.LoginTest@72d6b3ba] output={null}]]]>
              </value>
            </param>
          </params>
          <reporter-output>
          </reporter-output>
        </test-method> <!-- driverQuit -->
      </class> <!-- testScript.LoginTest -->
    </test> <!-- FirefoxTest -->
  </suite> <!-- Suite -->
</testng-results>
