<?xml version="1.0" encoding="UTF-8"?>
<!-- Generated by org.testng.reporters.JUnitXMLReporter -->
<testsuite ignored="3" hostname="DESKTOP-952Q9QQ" failures="0" tests="1" name="Default test" time="21.751" errors="0" timestamp="2025-09-09T08:04:11 IST">
  <testcase classname="testScript.LoginTest" name="verifyloginwithValidCredentials" time="8.036"/>
  <testcase classname="testScript.LoginTest" name="verifyloginwithinValidusernamevalidpassword" time="0.0">
    <ignored/>
  </testcase> <!-- verifyloginwithinValidusernamevalidpassword -->
  <testcase classname="testScript.LoginTest" name="verifyloginwithinValidCredentials" time="0.0">
    <ignored/>
  </testcase> <!-- verifyloginwithinValidCredentials -->
  <testcase classname="testScript.LoginTest" name="verifyloginwithValidusernameinvalidpassword" time="0.0">
    <ignored/>
  </testcase> <!-- verifyloginwithValidusernameinvalidpassword -->
</testsuite> <!-- Default test -->
